<?xml version="1.0" encoding="UTF-8"?>
<testsuite xmlns:xsi="http://www.w3.org/2001/XMLSchema-instance" xsi:noNamespaceSchemaLocation="https://maven.apache.org/surefire/maven-surefire-plugin/xsd/surefire-test-report.xsd" version="3.0.2" name="com.itheima.JWTTest" time="0.375" tests="1" errors="0" skipped="0" failures="0">
  <properties>
[...]
</properties>
  <testcase name="testJWT" classname="com.itheima.JWTTest" time="0.233">
    <system-out><![CDATA[����JWT�ɹ�eyJhbGciOiJIUzI1NiJ9.eyJpZCI6MSwidXNlcm5hbWUiOiJhZG1pbiIsImV4cCI6MTc1ODI1MzM4Mn0.DPKrhypl_6PEdh1GBkRbUrIRkfUd-xuPPzrWzyAmmvk
]]></system-out>
  </testcase>
</testsuite>